<?xml version="1.0" encoding="UTF-8"?>
<!-- Generated by org.testng.reporters.JUnitXMLReporter -->
<testsuite ignored="0" hostname="DESKTOP-DT3G8BT" failures="0" tests="3" name="Surefire test" time="4.848" errors="0" timestamp="2026-02-22T17:10:38 EET">
  <testcase classname="com.githubdemo.academia.bestpractices.SeleniumBestPracticesTest" name="demonstratesPolymorphismThroughSectionNavigation" time="0.601"/>
  <testcase classname="com.githubdemo.academia.bestpractices.SeleniumBestPracticesTest" name="usesLocatorFirstAndWaitWithoutSleeps" time="0.984"/>
  <testcase classname="com.githubdemo.academia.bestpractices.SeleniumBestPracticesTest" name="usesNativeClickMethodOnDocsLink" time="0.459"/>
</testsuite> <!-- Surefire test -->
