<?xml version="1.0" encoding="UTF-8"?>
<!-- Generated by org.testng.reporters.JUnitXMLReporter -->
<testsuite ignored="0" hostname="DESKTOP-DT3G8BT" failures="0" tests="3" name="BestPracticesJavaTests" time="2.78" errors="0" timestamp="2026-02-22T17:12:24 EET">
  <testcase classname="com.githubdemo.academia.bestpractices.SeleniumBestPracticesTest" name="usesNativeClickMethodOnDocsLink" time="0.604"/>
  <testcase classname="com.githubdemo.academia.bestpractices.SeleniumBestPracticesTest" name="demonstratesPolymorphismThroughSectionNavigation" time="0.726"/>
  <testcase classname="com.githubdemo.academia.bestpractices.SeleniumBestPracticesTest" name="usesLocatorFirstAndWaitWithoutSleeps" time="1.215"/>
</testsuite> <!-- BestPracticesJavaTests -->
