<?xml version="1.0" encoding="UTF-8"?>
<testng-results ignored="0" total="3" passed="3" failed="0" skipped="0">
  <reporter-output>
  </reporter-output>
  <suite started-at="2026-02-22T17:12:21 EET" name="BestPracticesJavaSuite" finished-at="2026-02-22T17:12:24 EET" duration-ms="2780">
    <groups>
    </groups>
    <test started-at="2026-02-22T17:12:21 EET" name="BestPracticesJavaTests" finished-at="2026-02-22T17:12:24 EET" duration-ms="2780">
      <class name="com.githubdemo.academia.bestpractices.SeleniumBestPracticesTest">
        <test-method is-config="true" signature="setUp()[pri:0, instance:com.githubdemo.academia.bestpractices.SeleniumBestPracticesTest@78b729e6]" started-at="2026-02-22T17:12:21 EET" name="setUp" finished-at="2026-02-22T17:12:22 EET" duration-ms="1396" status="PASS">
          <reporter-output>
          </reporter-output>
        </test-method> <!-- setUp -->
        <test-method is-config="true" signature="setUp()[pri:0, instance:com.githubdemo.academia.bestpractices.SeleniumBestPracticesTest@78b729e6]" started-at="2026-02-22T17:12:21 EET" name="setUp" finished-at="2026-02-22T17:12:22 EET" duration-ms="1396" status="PASS">
          <reporter-output>
          </reporter-output>
        </test-method> <!-- setUp -->
        <test-method is-config="true" signature="setUp()[pri:0, instance:com.githubdemo.academia.bestpractices.SeleniumBestPracticesTest@78b729e6]" started-at="2026-02-22T17:12:21 EET" name="setUp" finished-at="2026-02-22T17:12:22 EET" duration-ms="1396" status="PASS">
          <reporter-output>
          </reporter-output>
        </test-method> <!-- setUp -->
        <test-method signature="demonstratesPolymorphismThroughSectionNavigation()[pri:0, instance:com.githubdemo.academia.bestpractices.SeleniumBestPracticesTest@78b729e6]" started-at="2026-02-22T17:12:22 EET" name="demonstratesPolymorphismThroughSectionNavigation" description="Polymorphism via NavigationService over section implementations" finished-at="2026-02-22T17:12:23 EET" duration-ms="726" status="PASS">
          <reporter-output>
          </reporter-output>
        </test-method> <!-- demonstratesPolymorphismThroughSectionNavigation -->
        <test-method signature="usesNativeClickMethodOnDocsLink()[pri:0, instance:com.githubdemo.academia.bestpractices.SeleniumBestPracticesTest@78b729e6]" started-at="2026-02-22T17:12:22 EET" name="usesNativeClickMethodOnDocsLink" description="Native Selenium click() on Docs link" finished-at="2026-02-22T17:12:23 EET" duration-ms="604" status="PASS">
          <reporter-output>
          </reporter-output>
        </test-method> <!-- usesNativeClickMethodOnDocsLink -->
        <test-method signature="usesLocatorFirstAndWaitWithoutSleeps()[pri:0, instance:com.githubdemo.academia.bestpractices.SeleniumBestPracticesTest@78b729e6]" started-at="2026-02-22T17:12:22 EET" name="usesLocatorFirstAndWaitWithoutSleeps" description="Locator-first + wait-driven navigation to Get started" finished-at="2026-02-22T17:12:24 EET" duration-ms="1215" status="PASS">
          <reporter-output>
          </reporter-output>
        </test-method> <!-- usesLocatorFirstAndWaitWithoutSleeps -->
        <test-method is-config="true" signature="tearDownAndCaptureArtifacts(org.testng.ITestResult)[pri:0, instance:com.githubdemo.academia.bestpractices.SeleniumBestPracticesTest@78b729e6]" started-at="2026-02-22T17:12:23 EET" name="tearDownAndCaptureArtifacts" finished-at="2026-02-22T17:12:23 EET" duration-ms="116" status="PASS">
          <params>
            <param index="0">
              <value>
                <![CDATA[[TestResult name=usesNativeClickMethodOnDocsLink status=SUCCESS method=SeleniumBestPracticesTest.usesNativeClickMethodOnDocsLink()[pri:0, instance:com.githubdemo.academia.bestpractices.SeleniumBestPracticesTest@78b729e6] output={null}]]]>
              </value>
            </param>
          </params>
          <reporter-output>
          </reporter-output>
        </test-method> <!-- tearDownAndCaptureArtifacts -->
        <test-method is-config="true" signature="tearDownAndCaptureArtifacts(org.testng.ITestResult)[pri:0, instance:com.githubdemo.academia.bestpractices.SeleniumBestPracticesTest@78b729e6]" started-at="2026-02-22T17:12:23 EET" name="tearDownAndCaptureArtifacts" finished-at="2026-02-22T17:12:23 EET" duration-ms="102" status="PASS">
          <params>
            <param index="0">
              <value>
                <![CDATA[[TestResult name=demonstratesPolymorphismThroughSectionNavigation status=SUCCESS method=SeleniumBestPracticesTest.demonstratesPolymorphismThroughSectionNavigation()[pri:0, instance:com.githubdemo.academia.bestpractices.SeleniumBestPracticesTest@78b729e6] output={null}]]]>
              </value>
            </param>
          </params>
          <reporter-output>
          </reporter-output>
        </test-method> <!-- tearDownAndCaptureArtifacts -->
        <test-method is-config="true" signature="tearDownAndCaptureArtifacts(org.testng.ITestResult)[pri:0, instance:com.githubdemo.academia.bestpractices.SeleniumBestPracticesTest@78b729e6]" started-at="2026-02-22T17:12:24 EET" name="tearDownAndCaptureArtifacts" finished-at="2026-02-22T17:12:24 EET" duration-ms="153" status="PASS">
          <params>
            <param index="0">
              <value>
                <![CDATA[[TestResult name=usesLocatorFirstAndWaitWithoutSleeps status=SUCCESS method=SeleniumBestPracticesTest.usesLocatorFirstAndWaitWithoutSleeps()[pri:0, instance:com.githubdemo.academia.bestpractices.SeleniumBestPracticesTest@78b729e6] output={null}]]]>
              </value>
            </param>
          </params>
          <reporter-output>
          </reporter-output>
        </test-method> <!-- tearDownAndCaptureArtifacts -->
      </class> <!-- com.githubdemo.academia.bestpractices.SeleniumBestPracticesTest -->
    </test> <!-- BestPracticesJavaTests -->
  </suite> <!-- BestPracticesJavaSuite -->
</testng-results>
