<?xml version="1.0" encoding="UTF-8"?>
<!-- Generated by org.testng.reporters.JUnitReportReporter -->
<testsuite hostname="DESKTOP-DT3G8BT" failures="0" tests="3" name="com.githubdemo.academia.bestpractices.SeleniumBestPracticesTest" time="8.101" errors="0" timestamp="2026-05-05T17:40:07 EEST" skipped="0">
  <testcase classname="com.githubdemo.academia.bestpractices.SeleniumBestPracticesTest" name="usesLocatorFirstAndWaitWithoutSleeps" time="1.749"/>
  <testcase classname="com.githubdemo.academia.bestpractices.SeleniumBestPracticesTest" name="demonstratesPolymorphismThroughSectionNavigation" time="2.142"/>
  <testcase classname="com.githubdemo.academia.bestpractices.SeleniumBestPracticesTest" name="usesNativeClickMethodOnDocsLink" time="4.210"/>
</testsuite> <!-- com.githubdemo.academia.bestpractices.SeleniumBestPracticesTest -->
