<?xml version="1.0" encoding="UTF-8"?>
<!-- Generated by org.testng.reporters.JUnitReportReporter -->
<testsuite hostname="DESKTOP-DT3G8BT" failures="0" tests="3" name="com.githubdemo.academia.bestpractices.SeleniumBestPracticesTest" time="7.104" errors="0" timestamp="2026-02-22T17:12:24 EET" skipped="0">
  <testcase classname="com.githubdemo.academia.bestpractices.SeleniumBestPracticesTest" name="demonstratesPolymorphismThroughSectionNavigation" time="2.238"/>
  <testcase classname="com.githubdemo.academia.bestpractices.SeleniumBestPracticesTest" name="usesNativeClickMethodOnDocsLink" time="2.102"/>
  <testcase classname="com.githubdemo.academia.bestpractices.SeleniumBestPracticesTest" name="usesLocatorFirstAndWaitWithoutSleeps" time="2.764"/>
</testsuite> <!-- com.githubdemo.academia.bestpractices.SeleniumBestPracticesTest -->
